<?xml version="1.0" encoding="UTF-8" ?>
<testsuite tests="1" failures="0" name="ar.com.codoacodo23069.AppTest" time="0.016" errors="0" skipped="0">
  <properties>
    <property name="java.runtime.name" value="OpenJDK Runtime Environment"/>
    <property name="java.vm.version" value="17.0.7+7-adhoc..jdk17u"/>
    <property name="sun.boot.library.path" value="C:\Program Files\OpenLogic\jdk-17.0.7.7-hotspot\bin"/>
    <property name="maven.multiModuleProjectDirectory" value="C:\Users\Silvia\Documents\CURSO CODO A CODO\Comisión 23069\web-app"/>
    <property name="java.vm.vendor" value="OpenLogic"/>
    <property name="java.vendor.url" value="https://openlogic.com/"/>
    <property name="guice.disable.misplaced.annotation.check" value="true"/>
    <property name="path.separator" value=";"/>
    <property name="java.vm.name" value="OpenJDK 64-Bit Server VM"/>
    <property name="sun.os.patch.level" value=""/>
    <property name="user.script" value=""/>
    <property name="user.country" value="ES"/>
    <property name="sun.java.launcher" value="SUN_STANDARD"/>
    <property name="java.vm.specification.name" value="Java Virtual Machine Specification"/>
    <property name="user.dir" value="C:\Users\Silvia\Documents\CURSO CODO A CODO\Comisión 23069\web-app"/>
    <property name="java.vm.compressedOopsMode" value="32-bit"/>
    <property name="java.runtime.version" value="17.0.7+7-adhoc..jdk17u"/>
    <property name="os.arch" value="amd64"/>
    <property name="java.io.tmpdir" value="C:\Users\Silvia\AppData\Local\Temp\"/>
    <property name="line.separator" value="
"/>
    <property name="java.vm.specification.vendor" value="Oracle Corporation"/>
    <property name="user.variant" value=""/>
    <property name="os.name" value="Windows 10"/>
    <property name="classworlds.conf" value="C:\Users\Silvia\Downloads\apache-maven-3.8.8-bin\apache-maven-3.8.8\bin\m2.conf"/>
    <property name="sun.jnu.encoding" value="Cp1252"/>
    <property name="java.library.path" value="C:\Program Files\OpenLogic\jdk-17.0.7.7-hotspot\bin;C:\WINDOWS\Sun\Java\bin;C:\WINDOWS\system32;C:\WINDOWS;%MAVEN_HOME %\bin;C:\Program Files\OpenLogic\jdk-17.0.7.7-hotspot\bin;C:\Program Files (x86)\Intel\TXE Components\TCS\;C:\Program Files\Intel\TXE Components\TCS\;C:\WINDOWS\system32;C:\WINDOWS;C:\WINDOWS\System32\Wbem;C:\WINDOWS\System32\WindowsPowerShell\v1.0\;C:\WINDOWS\System32\OpenSSH\;C:\Program Files\Git\cmd;C:\Program Files\OpenLogic\jdk-17.0.7.7-hotspot\\bin;C:\Users\Silvia\AppData\Local\Microsoft\WindowsApps;;C:\Users\Silvia\AppData\Local\Programs\Microsoft VS Code\bin;."/>
    <property name="maven.conf" value="C:\Users\Silvia\Downloads\apache-maven-3.8.8-bin\apache-maven-3.8.8/conf"/>
    <property name="jdk.debug" value="release"/>
    <property name="java.class.version" value="61.0"/>
    <property name="java.specification.name" value="Java Platform API Specification"/>
    <property name="sun.management.compiler" value="HotSpot 64-Bit Tiered Compilers"/>
    <property name="os.version" value="10.0"/>
    <property name="library.jansi.path" value="C:\Users\Silvia\Downloads\apache-maven-3.8.8-bin\apache-maven-3.8.8\lib\jansi-native"/>
    <property name="user.home" value="C:\Users\Silvia"/>
    <property name="user.timezone" value="America/Buenos_Aires"/>
    <property name="file.encoding" value="Cp1252"/>
    <property name="java.specification.version" value="17"/>
    <property name="user.name" value="Silvia"/>
    <property name="java.class.path" value="C:\Users\Silvia\Downloads\apache-maven-3.8.8-bin\apache-maven-3.8.8\boot\plexus-classworlds-2.6.0.jar"/>
    <property name="java.vm.specification.version" value="17"/>
    <property name="sun.arch.data.model" value="64"/>
    <property name="sun.java.command" value="org.codehaus.plexus.classworlds.launcher.Launcher package -f c:\Users\Silvia\Documents\CURSO CODO A CODO\Comisión 23069\web-app\pom.xml"/>
    <property name="java.home" value="C:\Program Files\OpenLogic\jdk-17.0.7.7-hotspot"/>
    <property name="user.language" value="es"/>
    <property name="java.specification.vendor" value="Oracle Corporation"/>
    <property name="java.vm.info" value="mixed mode, sharing"/>
    <property name="java.version" value="17.0.7"/>
    <property name="native.encoding" value="Cp1252"/>
    <property name="java.vendor" value="OpenLogic"/>
    <property name="sun.stderr.encoding" value="cp850"/>
    <property name="maven.home" value="C:\Users\Silvia\Downloads\apache-maven-3.8.8-bin\apache-maven-3.8.8"/>
    <property name="file.separator" value="\"/>
    <property name="java.version.date" value="2023-04-18"/>
    <property name="java.vendor.url.bug" value="https://techsupport.roguewave.com/"/>
    <property name="sun.io.unicode.encoding" value="UnicodeLittle"/>
    <property name="sun.cpu.endian" value="little"/>
    <property name="java.vendor.version" value="OpenLogic-OpenJDK"/>
    <property name="sun.stdout.encoding" value="cp850"/>
    <property name="sun.cpu.isalist" value="amd64"/>
  </properties>
  <testcase classname="ar.com.codoacodo23069.AppTest" name="shouldAnswerWithTrue" time="0.016"/>
</testsuite>